<?xml version="1.0" encoding="UTF-8"?>
<!-- Generated by org.testng.reporters.JUnitReportReporter -->
<testsuite hostname="MP-C02FK7WRML7H" failures="0" tests="1" name="testngbasics.One" time="0.019" errors="0" timestamp="2022-10-26T21:47:25 IST" skipped="0">
  <testcase classname="testngbasics.One" name="add" time="0.019"/>
  <system-out/>
</testsuite> <!-- testngbasics.One -->
