<?xml version="1.0" encoding="UTF-8"?>
<!-- Generated by org.testng.reporters.JUnitReportReporter -->
<testsuite hostname="MP-C02FK7WRML7H" failures="0" tests="1" name="growtechMinds.Registration" time="13.163" errors="0" timestamp="2022-11-08T20:08:00 IST" skipped="0">
  <testcase classname="growtechMinds.Registration" name="register" time="13.163"/>
  <system-out/>
</testsuite> <!-- growtechMinds.Registration -->
