<?xml version="1.0" encoding="UTF-8"?>
<!-- Generated by org.testng.reporters.JUnitReportReporter -->
<testsuite hostname="MP-C02FK7WRML7H" failures="0" tests="1" name="testngbasics.Mobile_Shopping" time="9.055" errors="0" timestamp="2022-10-29T22:45:34 IST" skipped="0">
  <testcase classname="testngbasics.Mobile_Shopping" name="mobile" time="9.055"/>
  <system-out/>
</testsuite> <!-- testngbasics.Mobile_Shopping -->
