<?xml version="1.0" encoding="UTF-8"?>
<!-- Generated by org.testng.reporters.JUnitReportReporter -->
<testsuite hostname="MP-C02FK7WRML7H" failures="0" tests="1" name="testngbasics.Toy_Shopping" time="12.279" errors="0" timestamp="2022-10-29T22:41:51 IST" skipped="0">
  <testcase classname="testngbasics.Toy_Shopping" name="toy" time="12.279"/>
  <system-out/>
</testsuite> <!-- testngbasics.Toy_Shopping -->
