<?xml version="1.0" encoding="UTF-8"?>
<!-- Generated by org.testng.reporters.JUnitReportReporter -->
<testsuite hostname="MP-C02FK7WRML7H" failures="0" tests="1" name="testngbasics.Book_Shopping" time="14.150" errors="0" timestamp="2022-10-29T22:41:51 IST" skipped="0">
  <testcase classname="testngbasics.Book_Shopping" name="book" time="14.150"/>
  <system-out/>
</testsuite> <!-- testngbasics.Book_Shopping -->
