<?xml version="1.0" encoding="UTF-8"?>
<!-- Generated by org.testng.reporters.JUnitReportReporter -->
<testsuite hostname="MP-C02FK7WRML7H" failures="0" tests="2" name="testngbasics.OrderOfExecution" time="0.013" errors="0" timestamp="2022-11-08T22:09:56 IST" skipped="0">
  <testcase classname="testngbasics.OrderOfExecution" name="test2" time="0.002"/>
  <system-out/>
  <testcase classname="testngbasics.OrderOfExecution" name="test1" time="0.011"/>
  <system-out/>
</testsuite> <!-- testngbasics.OrderOfExecution -->
