<?xml version="1.0" encoding="UTF-8"?>
<!-- Generated by org.testng.reporters.JUnitReportReporter -->
<testsuite hostname="MP-C02FK7WRML7H" failures="0" tests="1" name="testngbasics.AmazonLogin" time="14.487" errors="0" timestamp="2022-10-29T22:41:51 IST" skipped="0">
  <testcase classname="testngbasics.AmazonLogin" name="login" time="14.487"/>
  <system-out/>
</testsuite> <!-- testngbasics.AmazonLogin -->
